Start preprocessing
DEVICE =  NVIDIA A40
epoch: 1/20
loss: 1.920475587579939, f1_score: 0.02956483628859955
epoch: 2/20
loss: 1.7005875812636482, f1_score: 0.01933247875421355
epoch: 3/20
loss: 1.610825146569146, f1_score: 0.05060257119391227
epoch: 4/20
loss: 1.587237728966607, f1_score: 0.01933247875421355
epoch: 5/20
loss: 1.5819929321606954, f1_score: 0.05060257119391227
epoch: 6/20
loss: 1.576625308725569, f1_score: 0.01933247875421355
epoch: 7/20
loss: 1.5650417255030737, f1_score: 0.01933247875421355
epoch: 8/20
loss: 1.567514889770084, f1_score: 0.01933247875421355
epoch: 9/20
loss: 1.5635509437984891, f1_score: 0.05060257119391227
epoch: 10/20
loss: 1.5596284985542297, f1_score: 0.05060257119391227
epoch: 11/20
loss: 1.555881687005361, f1_score: 0.05060257119391227
epoch: 12/20
loss: 1.550029182434082, f1_score: 0.05060257119391227
epoch: 13/20
loss: 1.550166564517551, f1_score: 0.05060257119391227
epoch: 14/20
loss: 1.5522476302252874, f1_score: 0.05060257119391227
epoch: 15/20
loss: 1.5531878113746642, f1_score: 0.05060257119391227
epoch: 16/20
loss: 1.5509260521994697, f1_score: 0.05060257119391227
epoch: 17/20
loss: 1.5503444857067532, f1_score: 0.05060257119391227
epoch: 18/20
loss: 1.538375316725837, f1_score: 0.05060257119391227
epoch: 19/20
loss: 1.5443749811914231, f1_score: 0.05060257119391227
epoch: 20/20
loss: 1.534229232205285, f1_score: 0.05060257119391227
              precision    recall  f1-score   support

      Joyful       0.10      1.00      0.19      1402
         Mad       0.00      0.00      0.00      2154
     Neutral       0.00      0.00      0.00      2680
    Peaceful       0.00      0.00      0.00      1573
    Powerful       0.00      0.00      0.00      2884
         Sad       0.00      0.00      0.00      1160
      Scared       0.00      0.00      0.00      1702

    accuracy                           0.10     13555
   macro avg       0.01      0.14      0.03     13555
weighted avg       0.01      0.10      0.02     13555

0.0
[[1402    0    0    0    0    0    0]
 [2154    0    0    0    0    0    0]
 [2680    0    0    0    0    0    0]
 [1573    0    0    0    0    0    0]
 [2884    0    0    0    0    0    0]
 [1160    0    0    0    0    0    0]
 [1702    0    0    0    0    0    0]]
