Start preprocessing
DEVICE =  NVIDIA A40
epoch: 1/20
loss: 2.075786913765801, f1_score: 0.020505754954607807
epoch: 2/20
loss: 2.0730941904915703, f1_score: 0.01933247875421355
epoch: 3/20
loss: 2.0716769960191517, f1_score: 0.01933247875421355
epoch: 4/20
loss: 2.0708679437637327, f1_score: 0.01933247875421355
epoch: 5/20
loss: 2.0706588321261936, f1_score: 0.01933247875421355
epoch: 6/20
loss: 2.070225543446011, f1_score: 0.01933247875421355
epoch: 7/20
loss: 2.0705053832795883, f1_score: 0.01933247875421355
epoch: 8/20
loss: 2.070137455728319, f1_score: 0.01933247875421355
epoch: 9/20
loss: 2.0700571060180666, f1_score: 0.01933247875421355
epoch: 10/20
loss: 2.068763812383016, f1_score: 0.04114829772522788
epoch: 11/20
loss: 2.069034385681152, f1_score: 0.019464813606173453
epoch: 12/20
loss: 2.0689141538408067, f1_score: 0.02006907581586242
epoch: 13/20
loss: 2.066311772664388, f1_score: 0.020347607513468445
epoch: 14/20
loss: 2.0670962068769665, f1_score: 0.02147230659835864
epoch: 15/20
loss: 2.0677679260571797, f1_score: 0.020315632955595107
epoch: 16/20
loss: 2.0668386220932007, f1_score: 0.02102579506890705
epoch: 17/20
loss: 2.0657011879814995, f1_score: 0.01994327365334739
epoch: 18/20
loss: 2.0671252303653294, f1_score: 0.021219832251436387
epoch: 19/20
loss: 2.067090468936496, f1_score: 0.02082872149405358
epoch: 20/20
loss: 2.067194281684028, f1_score: 0.02463664799420684
              precision    recall  f1-score   support

      Joyful       0.03      0.00      0.01      1402
         Mad       0.00      0.00      0.00      2154
     Neutral       0.83      0.00      0.01      2680
    Peaceful       0.12      1.00      0.21      1573
    Powerful       0.50      0.00      0.00      2884
         Sad       0.00      0.00      0.00      1160
      Scared       0.00      0.00      0.00      1702

    accuracy                           0.12     13555
   macro avg       0.21      0.14      0.03     13555
weighted avg       0.29      0.12      0.03     13555

0.00538651006485555
[[   4    0    0 1398    0    0    0]
 [   8    0    1 2144    0    0    1]
 [  59    0   10 2610    1    0    0]
 [   6    0    0 1567    0    0    0]
 [  35    0    1 2847    1    0    0]
 [   3    0    0 1157    0    0    0]
 [   1    0    0 1701    0    0    0]]
