Start preprocessing
DEVICE =  NVIDIA A40
epoch: 1/70
loss: 2.0789967483944363, f1_score: 0.02956483628859955
epoch: 2/70
loss: 2.0751834180619984, f1_score: 0.03201331174997061
epoch: 3/70
loss: 2.0792659362157186, f1_score: 0.04917014585664375
epoch: 4/70
loss: 2.071015809641944, f1_score: 0.07634502772982407
epoch: 5/70
loss: 2.0591656141810946, f1_score: 0.11490268895541886
epoch: 6/70
loss: 2.042815151479509, f1_score: 0.09993101876871366
epoch: 7/70
loss: 1.9992406765619914, f1_score: 0.10045746935425837
epoch: 8/70
loss: 1.9627771298090617, f1_score: 0.11142624391557579
epoch: 9/70
loss: 1.929205044110616, f1_score: 0.11385709107819518
epoch: 10/70
loss: 1.9136355055703058, f1_score: 0.1095592497055559
epoch: 11/70
loss: 1.8730645285712348, f1_score: 0.09353921275253589
epoch: 12/70
loss: 1.8406168050236171, f1_score: 0.12694629995443868
epoch: 13/70
loss: 1.798333055443234, f1_score: 0.11469471770829687
epoch: 14/70
loss: 1.7771078480614557, f1_score: 0.11397476880085103
epoch: 15/70
loss: 1.748822734091017, f1_score: 0.14147609090123192
epoch: 16/70
loss: 1.7122026960055032, f1_score: 0.12664074607707998
epoch: 17/70
loss: 1.6887128114700318, f1_score: 0.1252975564046512
epoch: 18/70
loss: 1.6672867668999567, f1_score: 0.12796345393525996
epoch: 19/70
loss: 1.6519238392512003, f1_score: 0.11510605694446216
epoch: 20/70
loss: 1.6316361586252848, f1_score: 0.12076000229236339
epoch: 21/70
loss: 1.6292495131492615, f1_score: 0.11813113173253913
epoch: 22/70
loss: 1.6209749367502, f1_score: 0.1300206041189401
epoch: 23/70
loss: 1.6014517413245306, f1_score: 0.10954577445825389
epoch: 24/70
loss: 1.5872453610102335, f1_score: 0.12863136510023282
epoch: 25/70
loss: 1.5664728257391187, f1_score: 0.13029060886127045
epoch: 26/70
loss: 1.5654343432850308, f1_score: 0.12327112521035428
epoch: 27/70
loss: 1.554758279853397, f1_score: 0.12535021961348058
epoch: 28/70
loss: 1.550031716293759, f1_score: 0.12334814418815795
epoch: 29/70
loss: 1.547571771674686, f1_score: 0.1091098774648499
epoch: 30/70
loss: 1.5467897958225674, f1_score: 0.1177858890696091
epoch: 31/70
loss: 1.5257005605432723, f1_score: 0.10478119282732584
epoch: 32/70
loss: 1.5173668305079142, f1_score: 0.11991754645871834
epoch: 33/70
loss: 1.5162630981869167, f1_score: 0.12187937223658084
epoch: 34/70
loss: 1.5051896479394702, f1_score: 0.12339765783107517
epoch: 35/70
loss: 1.5075810604625277, f1_score: 0.12070817981675282
epoch: 36/70
loss: 1.4945295876926845, f1_score: 0.1195901999628155
epoch: 37/70
loss: 1.485007463561164, f1_score: 0.1050902946975991
epoch: 38/70
loss: 1.4858034981621637, f1_score: 0.1268251484171988
epoch: 39/70
loss: 1.469583843814002, f1_score: 0.12274818847660664
epoch: 40/70
loss: 1.470664370059967, f1_score: 0.11884196123125719
epoch: 41/70
loss: 1.4699335853258768, f1_score: 0.12153778913249187
epoch: 42/70
loss: 1.4651897377438015, f1_score: 0.122290272587441
epoch: 43/70
loss: 1.4609064406818815, f1_score: 0.10841346438886289
epoch: 44/70
loss: 1.4531245946884155, f1_score: 0.118742544132678
epoch: 45/70
loss: 1.4468454824553596, f1_score: 0.10734174699486855
epoch: 46/70
loss: 1.4379908124605814, f1_score: 0.10223528737935861
epoch: 47/70
loss: 1.4288137382931179, f1_score: 0.12839575125903122
epoch: 48/70
loss: 1.4341708302497864, f1_score: 0.12943990877984052
epoch: 49/70
loss: 1.4228780097431606, f1_score: 0.1190650889967614
epoch: 50/70
loss: 1.413951857884725, f1_score: 0.1255755337204125
epoch: 51/70
loss: 1.414059817790985, f1_score: 0.12195899787294842
epoch: 52/70
loss: 1.4109780192375183, f1_score: 0.1262952005552361
epoch: 53/70
loss: 1.40787672996521, f1_score: 0.12158987296783627
epoch: 54/70
loss: 1.405637138419681, f1_score: 0.1203172742322756
epoch: 55/70
loss: 1.3983667029274836, f1_score: 0.1181593042691513
epoch: 56/70
loss: 1.3945623093181185, f1_score: 0.10856938829978206
epoch: 57/70
loss: 1.3844721476236979, f1_score: 0.10677590390711955
epoch: 58/70
loss: 1.3796289761861165, f1_score: 0.11941995491881678
epoch: 59/70
loss: 1.3889754917886523, f1_score: 0.11671010860522595
epoch: 60/70
loss: 1.3811570564905802, f1_score: 0.10844599973543236
epoch: 61/70
loss: 1.3773881806267632, f1_score: 0.11355515367988778
epoch: 62/70
loss: 1.3640242324935066, f1_score: 0.10308430976298004
epoch: 63/70
loss: 1.3739001486036513, f1_score: 0.10831997136841304
epoch: 64/70
loss: 1.3686074614524841, f1_score: 0.12174504858010794
epoch: 65/70
loss: 1.366408802403344, f1_score: 0.103400973870111
epoch: 66/70
loss: 1.3615810248586866, f1_score: 0.10334764266228283
epoch: 67/70
loss: 1.3677711009979248, f1_score: 0.10247906034756145
epoch: 68/70
loss: 1.3566911551687453, f1_score: 0.12217669711178906
epoch: 69/70
loss: 1.3531913664605884, f1_score: 0.11305022765357162
epoch: 70/70
loss: 1.3527551213900249, f1_score: 0.10708608376176562
              precision    recall  f1-score   support

      Joyful       0.09      0.17      0.11      1402
         Mad       0.20      0.15      0.17      2154
     Neutral       0.27      0.10      0.14      2680
    Peaceful       0.14      0.16      0.15      1573
    Powerful       0.25      0.10      0.14      2884
         Sad       0.09      0.11      0.10      1160
      Scared       0.14      0.32      0.19      1702

    accuracy                           0.15     13555
   macro avg       0.15      0.14      0.13     13555
weighted avg       0.19      0.15      0.15     13555

0.019741477947750895
[[233 277  46 197  73 159 417]
 [260 313 110 213 151 222 885]
 [632 233 261 359 257 281 657]
 [334 163  89 248 115 206 418]
 [774 253 197 367 276 248 768]
 [236 145  61 141  71 125 381]
 [242 163 211 242 141 151 552]]
