Start preprocessing
DEVICE =  NVIDIA A40
epoch: 1/50
loss: 2.080950763490465, f1_score: 0.05060850906896436
epoch: 2/50
loss: 2.0772748523288302, f1_score: 0.06669103557572456
epoch: 3/50
loss: 2.0763190348943072, f1_score: 0.057211807891980916
epoch: 4/50
loss: 2.0681212928560044, f1_score: 0.09783199818125861
epoch: 5/50
loss: 2.0499012059635584, f1_score: 0.08360969280603399
epoch: 6/50
loss: 2.010154749287499, f1_score: 0.08357626825322773
epoch: 7/50
loss: 1.9700079030460782, f1_score: 0.09635068346609936
epoch: 8/50
loss: 1.9390115274323358, f1_score: 0.08561718268496034
epoch: 9/50
loss: 1.8988301939434475, f1_score: 0.1263914420615543
epoch: 10/50
loss: 1.8632085574997796, f1_score: 0.10836073553813533
epoch: 11/50
loss: 1.8221040858162774, f1_score: 0.11027289599368194
epoch: 12/50
loss: 1.7763879405127632, f1_score: 0.12504259509206547
epoch: 13/50
loss: 1.7451862706078423, f1_score: 0.12181310224502795
epoch: 14/50
loss: 1.7191405203607348, f1_score: 0.11005486020542651
epoch: 15/50
loss: 1.7038172827826605, f1_score: 0.11919782394565205
epoch: 16/50
loss: 1.68526471985711, f1_score: 0.1095397063784042
epoch: 17/50
loss: 1.6622700015703837, f1_score: 0.10973024727921551
epoch: 18/50
loss: 1.648681598239475, f1_score: 0.10209728912253349
epoch: 19/50
loss: 1.6368805395232306, f1_score: 0.10975317074265896
epoch: 20/50
loss: 1.6279000560442607, f1_score: 0.10244438600702042
epoch: 21/50
loss: 1.633366776837243, f1_score: 0.11642297210629084
epoch: 22/50
loss: 1.615310509999593, f1_score: 0.10740792771434395
epoch: 23/50
loss: 1.5987136536174351, f1_score: 0.10543953054217647
epoch: 24/50
loss: 1.5853694981998867, f1_score: 0.10386700212545319
epoch: 25/50
loss: 1.5838331315252516, f1_score: 0.10579937944202157
epoch: 26/50
loss: 1.6094178080558776, f1_score: 0.10654677682396721
epoch: 27/50
loss: 1.5840280228190953, f1_score: 0.10037123065033662
epoch: 28/50
loss: 1.5779895742734273, f1_score: 0.09295493498094681
epoch: 29/50
loss: 1.5643011040157742, f1_score: 0.10577002648596998
epoch: 30/50
loss: 1.5596686164538065, f1_score: 0.10518387890894532
epoch: 31/50
loss: 1.5418255554305182, f1_score: 0.08921483585124125
epoch: 32/50
loss: 1.5388019641240438, f1_score: 0.08885005208194115
epoch: 33/50
loss: 1.553712052769131, f1_score: 0.10845861157623411
epoch: 34/50
loss: 1.5438467979431152, f1_score: 0.1056553068346419
epoch: 35/50
loss: 1.5277975532743666, f1_score: 0.10835450866891225
epoch: 36/50
loss: 1.5385494695769415, f1_score: 0.09122131622271465
epoch: 37/50
loss: 1.5175802416271633, f1_score: 0.10550600273980312
epoch: 38/50
loss: 1.5146198789278666, f1_score: 0.10548490763591012
epoch: 39/50
loss: 1.495517865816752, f1_score: 0.10384231074267801
epoch: 40/50
loss: 1.4978408018747966, f1_score: 0.10563404872883593
epoch: 41/50
loss: 1.4905840264426338, f1_score: 0.10582879866568103
epoch: 42/50
loss: 1.4786906003952027, f1_score: 0.11094425049394954
epoch: 43/50
loss: 1.4890236364470588, f1_score: 0.11074189785159554
epoch: 44/50
loss: 1.4704238216082255, f1_score: 0.10226620473191253
epoch: 45/50
loss: 1.465130779478285, f1_score: 0.1100097645164529
epoch: 46/50
loss: 1.4599497808350457, f1_score: 0.10734457848251748
epoch: 47/50
loss: 1.4622914393742878, f1_score: 0.11327952542560922
epoch: 48/50
loss: 1.4652498536639744, f1_score: 0.11092925263935267
epoch: 49/50
loss: 1.4462857988145617, f1_score: 0.11270603930604842
epoch: 50/50
loss: 1.442927881081899, f1_score: 0.1114829511852338
              precision    recall  f1-score   support

      Joyful       0.10      0.13      0.11      1402
         Mad       0.15      0.14      0.14      2154
     Neutral       0.24      0.12      0.16      2680
    Peaceful       0.20      0.24      0.22      1573
    Powerful       0.25      0.18      0.21      2884
         Sad       0.08      0.10      0.09      1160
      Scared       0.09      0.14      0.11      1702

    accuracy                           0.15     13555
   macro avg       0.16      0.15      0.15     13555
weighted avg       0.17      0.15      0.16     13555

0.012194865728335124
[[185 249  92 135 175 152 414]
 [233 295 135 271 310 263 647]
 [503 321 331 303 401 302 519]
 [159 273 111 370 250 174 236]
 [452 309 383 410 531 354 445]
 [153 167 117 174 177 118 254]
 [233 308 210 202 304 205 240]]
