Start preprocessing
DEVICE =  NVIDIA A40
epoch: 1/30
loss: 2.0769994139671324, f1_score: 0.06524706867615422
epoch: 2/30
loss: 2.076100068622165, f1_score: 0.05704574194179286
epoch: 3/30
loss: 2.06660885281033, f1_score: 0.08723610219025305
epoch: 4/30
loss: 2.0589895486831664, f1_score: 0.09613795531530676
epoch: 5/30
loss: 2.0328541490766736, f1_score: 0.09128777128823565
epoch: 6/30
loss: 1.9952620877159966, f1_score: 0.09914961183257207
epoch: 7/30
loss: 1.943479131327735, f1_score: 0.10773475149176413
epoch: 8/30
loss: 1.8864574167463515, f1_score: 0.11595866575480872
epoch: 9/30
loss: 1.8542150417963663, f1_score: 0.12759138515763346
epoch: 10/30
loss: 1.8064212401707966, f1_score: 0.12667938060084352
epoch: 11/30
loss: 1.7880834367540148, f1_score: 0.1242310301582431
epoch: 12/30
loss: 1.7643078486124675, f1_score: 0.13944863880996552
epoch: 13/30
loss: 1.7549641463491652, f1_score: 0.12171810698063612
epoch: 14/30
loss: 1.7321088618702358, f1_score: 0.11051460614828607
epoch: 15/30
loss: 1.7154386891259088, f1_score: 0.11938786915558937
epoch: 16/30
loss: 1.7005796008639866, f1_score: 0.14031286152834624
epoch: 17/30
loss: 1.6887667973836262, f1_score: 0.12228468910966947
epoch: 18/30
loss: 1.6817221416367425, f1_score: 0.13905020523762116
epoch: 19/30
loss: 1.666470668050978, f1_score: 0.11713599004370098
epoch: 20/30
loss: 1.6491109861267939, f1_score: 0.12173006157685504
epoch: 21/30
loss: 1.6473394698566861, f1_score: 0.136169408619298
epoch: 22/30
loss: 1.6304175827238294, f1_score: 0.1302158392170434
epoch: 23/30
loss: 1.6218651387426588, f1_score: 0.13562097275408913
epoch: 24/30
loss: 1.6167858401934305, f1_score: 0.13830640357732232
epoch: 25/30
loss: 1.5986145403650072, f1_score: 0.13553414623680646
epoch: 26/30
loss: 1.5884098158942328, f1_score: 0.13483810111324032
epoch: 27/30
loss: 1.5724127531051635, f1_score: 0.14137015435677402
epoch: 28/30
loss: 1.5582936127980551, f1_score: 0.14358895162973315
epoch: 29/30
loss: 1.5573040035035874, f1_score: 0.12660079932718865
epoch: 30/30
loss: 1.5577805386649237, f1_score: 0.11795658855671229
              precision    recall  f1-score   support

      Joyful       0.08      0.12      0.10      1402
         Mad       0.16      0.15      0.16      2154
          NE       0.00      0.00      0.00         0
     Neutral       0.24      0.17      0.20      2680
    Peaceful       0.12      0.10      0.10      1573
    Powerful       0.24      0.14      0.17      2884
         Sad       0.08      0.07      0.08      1160
      Scared       0.14      0.29      0.19      1702

    accuracy                           0.15     13555
   macro avg       0.13      0.13      0.13     13555
weighted avg       0.17      0.15      0.15     13555

0.011977327077683796
[[174 227   1 133 151 191 129 396]
 [262 329   0 151 239 232 217 724]
 [  0   0   0   0   0   0   0   0]
 [369 456   0 464 290 337 191 573]
 [255 313   0 202 151 203  87 362]
 [597 353   0 562 217 397 165 593]
 [194 151   0  71 120 145  80 399]
 [256 169   0 379 144 169  85 500]]
