Start preprocessing
DEVICE =  NVIDIA A40
epoch: 1/50
loss: 1.8877241637971667, f1_score: 0.03732790296161848
epoch: 2/50
loss: 1.5798606336116792, f1_score: 0.03732790296161848
epoch: 3/50
loss: 1.54804853465822, f1_score: 0.02956483628859955
epoch: 4/50
loss: 1.5439509762658012, f1_score: 0.02956483628859955
epoch: 5/50
loss: 1.5366482973098754, f1_score: 0.02956483628859955
epoch: 6/50
loss: 1.5359044498867458, f1_score: 0.02956483628859955
epoch: 7/50
loss: 1.5247097174326578, f1_score: 0.03732790296161848
epoch: 8/50
loss: 1.5228142499923707, f1_score: 0.03732790296161848
epoch: 9/50
loss: 1.5244888650046455, f1_score: 0.03732790296161848
epoch: 10/50
loss: 1.512795787387424, f1_score: 0.03732790296161848
epoch: 11/50
loss: 1.5105267855856153, f1_score: 0.02956483628859955
epoch: 12/50
loss: 1.5034734699461194, f1_score: 0.03732790296161848
epoch: 13/50
loss: 1.5018596079614428, f1_score: 0.03732790296161848
epoch: 14/50
loss: 1.497146471341451, f1_score: 0.03732790296161848
epoch: 15/50
loss: 1.489559084839291, f1_score: 0.02956483628859955
epoch: 16/50
loss: 1.491662902302212, f1_score: 0.03732790296161848
epoch: 17/50
loss: 1.48682974047131, f1_score: 0.03732790296161848
epoch: 18/50
loss: 1.4714606682459512, f1_score: 0.03732790296161848
epoch: 19/50
loss: 1.4723768764071994, f1_score: 0.03732790296161848
epoch: 20/50
loss: 1.4678208549817404, f1_score: 0.03732790296161848
epoch: 21/50
loss: 1.4695709149042766, f1_score: 0.03732790296161848
epoch: 22/50
loss: 1.4525196976131862, f1_score: 0.03732790296161848
epoch: 23/50
loss: 1.4547633091608683, f1_score: 0.03732790296161848
epoch: 24/50
loss: 1.4480197350184123, f1_score: 0.02956483628859955
epoch: 25/50
loss: 1.4515172984864977, f1_score: 0.02956483628859955
epoch: 26/50
loss: 1.4466781364546881, f1_score: 0.03732790296161848
epoch: 27/50
loss: 1.4390957779354518, f1_score: 0.03732790296161848
epoch: 28/50
loss: 1.4331081986427308, f1_score: 0.03732790296161848
epoch: 29/50
loss: 1.4373855100737678, f1_score: 0.03732790296161848
epoch: 30/50
loss: 1.4291452791955737, f1_score: 0.03732790296161848
epoch: 31/50
loss: 1.4292907330724929, f1_score: 0.02956483628859955
epoch: 32/50
loss: 1.4196111639340718, f1_score: 0.03732790296161848
epoch: 33/50
loss: 1.4165689137246873, f1_score: 0.02956483628859955
epoch: 34/50
loss: 1.4196486685011123, f1_score: 0.03732790296161848
epoch: 35/50
loss: 1.4161685281329686, f1_score: 0.03732790296161848
epoch: 36/50
loss: 1.4127015723122491, f1_score: 0.03732790296161848
epoch: 37/50
loss: 1.404624835650126, f1_score: 0.03732790296161848
epoch: 38/50
loss: 1.4005268229378594, f1_score: 0.03732790296161848
epoch: 39/50
loss: 1.402462116877238, f1_score: 0.03732790296161848
epoch: 40/50
loss: 1.4006923344400195, f1_score: 0.02956483628859955
epoch: 41/50
loss: 1.3961178249782986, f1_score: 0.04772650152697659
epoch: 42/50
loss: 1.3967272957166037, f1_score: 0.03732790296161848
epoch: 43/50
loss: 1.3914229101604885, f1_score: 0.02956483628859955
epoch: 44/50
loss: 1.3942964090241325, f1_score: 0.04772650152697659
epoch: 45/50
loss: 1.3877053300539652, f1_score: 0.04772650152697659
epoch: 46/50
loss: 1.3893061028586493, f1_score: 0.03732790296161848
epoch: 47/50
loss: 1.3816297637091743, f1_score: 0.03732790296161848
epoch: 48/50
loss: 1.3797765758302476, f1_score: 0.03732790296161848
epoch: 49/50
loss: 1.3650154577361213, f1_score: 0.03732790296161848
epoch: 50/50
loss: 1.3733529104126825, f1_score: 0.03732790296161848
              precision    recall  f1-score   support

      Joyful       0.00      0.00      0.00      1402
         Mad       0.00      0.00      0.00      2154
     Neutral       0.20      1.00      0.33      2680
    Peaceful       0.00      0.00      0.00      1573
    Powerful       0.00      0.00      0.00      2884
         Sad       0.00      0.00      0.00      1160
      Scared       0.00      0.00      0.00      1702

    accuracy                           0.20     13555
   macro avg       0.03      0.14      0.05     13555
weighted avg       0.04      0.20      0.07     13555

0.0
[[   0    0 1402    0    0    0    0]
 [   0    0 2154    0    0    0    0]
 [   0    0 2680    0    0    0    0]
 [   0    0 1573    0    0    0    0]
 [   0    0 2884    0    0    0    0]
 [   0    0 1160    0    0    0    0]
 [   0    0 1702    0    0    0    0]]
