[[   0    0    0    0    0    1    0    0]
 [   0 1456  559  301  229  145  255  319]
 [   0  259 1591  129  110  109  279  239]
 [   0    1    1    2    0    4    0    1]
 [   0  104   92   81  389   72  200   50]
 [   0    0    0    0    0    0    0    0]
 [   0  111  442  133  220  207  421  116]
 [   0   61  168   82   36   73   52  121]]
              precision    recall  f1-score   support

           0       0.00      0.00      0.00         0
           1       0.45      0.73      0.55      1992
           2       0.59      0.56      0.57      2853
           3       0.22      0.00      0.01       728
           4       0.39      0.40      0.39       984
           5       0.00      0.00      0.00       611
           6       0.26      0.35      0.29      1207
           7       0.20      0.14      0.17       846

    accuracy                           0.43      9221
   macro avg       0.26      0.27      0.25      9221
weighted avg       0.39      0.43      0.39      9221

